<?xml version="1.0" encoding="UTF-8"?>
<testng-results skipped="0" failed="1" total="1" passed="0">
  <reporter-output>
  </reporter-output>
  <suite name="Default suite" duration-ms="66766" started-at="2015-06-08T05:40:56Z" finished-at="2015-06-08T05:42:03Z">
    <groups>
    </groups>
    <test name="Default test" duration-ms="66766" started-at="2015-06-08T05:40:56Z" finished-at="2015-06-08T05:42:03Z">
      <class name="com.wikia.testng.maven.test.qmhomework.ContributeTest">
        <test-method status="PASS" signature="beforeClass()[pri:0, instance:com.wikia.testng.maven.test.qmhomework.ContributeTest@6791e08e]" name="beforeClass" is-config="true" duration-ms="5650" started-at="2015-06-07T22:40:56Z" finished-at="2015-06-07T22:41:02Z">
          <reporter-output>
          </reporter-output>
        </test-method> <!-- beforeClass -->
        <test-method status="FAIL" signature="addVideo()[pri:0, instance:com.wikia.testng.maven.test.qmhomework.ContributeTest@6791e08e]" name="addVideo" duration-ms="58216" started-at="2015-06-07T22:41:02Z" finished-at="2015-06-07T22:42:00Z">
          <exception class="org.openqa.selenium.ElementNotVisibleException">
            <message>
              <![CDATA[element not visible
  (Session info: chrome=43.0.2357.81)
  (Driver info: chromedriver=2.8.241075,platform=Windows NT 6.3 x86_64) (WARNING: The server did not provide any stacktrace information)
Command duration or timeout: 648 milliseconds
Build info: version: '2.39.0', revision: '14fa800511cc5d66d426e08b0b2ab926c7ed7398', time: '2013-12-16 13:18:38'
System info: host: 'BRICAWL-92HVVY1', ip: '10.0.0.129', os.name: 'Windows 8', os.arch: 'amd64', os.version: '6.2', java.version: '1.7.0_51'
Session ID: 96eac805591342467e8e8072beb09a54
Driver info: org.openqa.selenium.chrome.ChromeDriver
Capabilities [{platform=WIN8, acceptSslCerts=true, javascriptEnabled=true, browserName=chrome, chrome={userDataDir=C:\Users\USU99TA\AppData\Local\Temp\scoped_dir7492_12861}, rotatable=false, locationContextEnabled=true, version=43.0.2357.81, takesHeapSnapshot=true, cssSelectorsEnabled=true, databaseEnabled=false, handlesAlerts=true, browserConnectionEnabled=false, nativeEvents=true, webStorageEnabled=true, applicationCacheEnabled=false, takesScreenshot=true}]]]>
            </message>
            <full-stacktrace>
              <![CDATA[org.openqa.selenium.ElementNotVisibleException: element not visible
  (Session info: chrome=43.0.2357.81)
  (Driver info: chromedriver=2.8.241075,platform=Windows NT 6.3 x86_64) (WARNING: The server did not provide any stacktrace information)
Command duration or timeout: 648 milliseconds
Build info: version: '2.39.0', revision: '14fa800511cc5d66d426e08b0b2ab926c7ed7398', time: '2013-12-16 13:18:38'
System info: host: 'BRICAWL-92HVVY1', ip: '10.0.0.129', os.name: 'Windows 8', os.arch: 'amd64', os.version: '6.2', java.version: '1.7.0_51'
Session ID: 96eac805591342467e8e8072beb09a54
Driver info: org.openqa.selenium.chrome.ChromeDriver
Capabilities [{platform=WIN8, acceptSslCerts=true, javascriptEnabled=true, browserName=chrome, chrome={userDataDir=C:\Users\USU99TA\AppData\Local\Temp\scoped_dir7492_12861}, rotatable=false, locationContextEnabled=true, version=43.0.2357.81, takesHeapSnapshot=true, cssSelectorsEnabled=true, databaseEnabled=false, handlesAlerts=true, browserConnectionEnabled=false, nativeEvents=true, webStorageEnabled=true, applicationCacheEnabled=false, takesScreenshot=true}]
	at sun.reflect.NativeConstructorAccessorImpl.newInstance0(Native Method)
	at sun.reflect.NativeConstructorAccessorImpl.newInstance(NativeConstructorAccessorImpl.java:57)
	at sun.reflect.DelegatingConstructorAccessorImpl.newInstance(DelegatingConstructorAccessorImpl.java:45)
	at java.lang.reflect.Constructor.newInstance(Constructor.java:526)
	at org.openqa.selenium.remote.ErrorHandler.createThrowable(ErrorHandler.java:193)
	at org.openqa.selenium.remote.ErrorHandler.throwIfResponseFailed(ErrorHandler.java:145)
	at org.openqa.selenium.remote.RemoteWebDriver.execute(RemoteWebDriver.java:554)
	at org.openqa.selenium.remote.RemoteWebElement.execute(RemoteWebElement.java:268)
	at org.openqa.selenium.remote.RemoteWebElement.sendKeys(RemoteWebElement.java:89)
	at com.wikia.testng.maven.page.common.Common.loginToPlatform(Common.java:27)
	at com.wikia.testng.maven.test.qmhomework.ContributeTest.addVideo(ContributeTest.java:28)
	at sun.reflect.NativeMethodAccessorImpl.invoke0(Native Method)
	at sun.reflect.NativeMethodAccessorImpl.invoke(NativeMethodAccessorImpl.java:57)
	at sun.reflect.DelegatingMethodAccessorImpl.invoke(DelegatingMethodAccessorImpl.java:43)
	at java.lang.reflect.Method.invoke(Method.java:606)
	at org.testng.internal.MethodInvocationHelper.invokeMethod(MethodInvocationHelper.java:84)
	at org.testng.internal.Invoker.invokeMethod(Invoker.java:714)
	at org.testng.internal.Invoker.invokeTestMethod(Invoker.java:901)
	at org.testng.internal.Invoker.invokeTestMethods(Invoker.java:1231)
	at org.testng.internal.TestMethodWorker.invokeTestMethods(TestMethodWorker.java:127)
	at org.testng.internal.TestMethodWorker.run(TestMethodWorker.java:111)
	at org.testng.TestRunner.privateRun(TestRunner.java:767)
	at org.testng.TestRunner.run(TestRunner.java:617)
	at org.testng.SuiteRunner.runTest(SuiteRunner.java:334)
	at org.testng.SuiteRunner.runSequentially(SuiteRunner.java:329)
	at org.testng.SuiteRunner.privateRun(SuiteRunner.java:291)
	at org.testng.SuiteRunner.run(SuiteRunner.java:240)
	at org.testng.SuiteRunnerWorker.runSuite(SuiteRunnerWorker.java:52)
	at org.testng.SuiteRunnerWorker.run(SuiteRunnerWorker.java:86)
	at org.testng.TestNG.runSuitesSequentially(TestNG.java:1224)
	at org.testng.TestNG.runSuitesLocally(TestNG.java:1149)
	at org.testng.TestNG.run(TestNG.java:1057)
	at org.testng.remote.RemoteTestNG.run(RemoteTestNG.java:111)
	at org.testng.remote.RemoteTestNG.initAndRun(RemoteTestNG.java:204)
	at org.testng.remote.RemoteTestNG.main(RemoteTestNG.java:175)
]]>
            </full-stacktrace>
          </exception> <!-- org.openqa.selenium.ElementNotVisibleException -->
          <reporter-output>
          </reporter-output>
        </test-method> <!-- addVideo -->
        <test-method status="PASS" signature="afterClass()[pri:0, instance:com.wikia.testng.maven.test.qmhomework.ContributeTest@6791e08e]" name="afterClass" is-config="true" duration-ms="2851" started-at="2015-06-07T22:42:00Z" finished-at="2015-06-07T22:42:03Z">
          <reporter-output>
          </reporter-output>
        </test-method> <!-- afterClass -->
      </class> <!-- com.wikia.testng.maven.test.qmhomework.ContributeTest -->
    </test> <!-- Default test -->
  </suite> <!-- Default suite -->
</testng-results>
